<?xml version="1.0" encoding="UTF-8"?>
<!-- Generated by org.testng.reporters.JUnitReportReporter -->
<testsuite hostname="DESKTOP-94MUM15" failures="0" tests="1" name="scrpit.DemoTest" time="29.351" errors="0" timestamp="2023-09-12T19:47:43 IST" skipped="0">
  <testcase classname="scrpit.DemoTest" name="testA" time="29.351">
    <system-out>
      <![CDATA[Google
RC:3
CC:3
valueUsername]]>
    </system-out>
  </testcase> <!-- testA -->
  <system-out>
    <![CDATA[Google
RC:3
CC:3
valueUsername]]>
  </system-out>
</testsuite> <!-- scrpit.DemoTest -->
